(---------------------------------------------------------------------)
(                                                                     )
(    NC DRILL Log                                                     )
(                                                                     )
(    Drawing          : IMLAB_F103C8.brd                              )
(    Software Version : 16.6-2015S066                                 )
(    Date/Time        : Sat Apr 07 16:31:09 2018                      )
(                                                                     )
(---------------------------------------------------------------------)



 Processing NC Parameters file 'nc_param.txt' ...

 NC PARAMETERS
 -------------

 FORMAT   		2.5
 MACHINE-OFFSET		x:0.00000	y:0.00000   (inch)
 FEEDRATE		1
 COORDINATES		ABSOLUTE
 OUTPUT-UNITS		ENGLISH
 TOOL-ORDER		INCREASING
 REPEAT-CODES		NO
 SUPPRESS-LEAD-ZEROES	NO
 SUPPRESS-TRAIL-ZEROES	NO
 SUPPRESS-EQUAL		NO
 TOOL-SELECT		YES
 HEADER			none
 LEADER			12
 CODE			ASCII
 SEPARATE		NO
 SEPARATE-ROUTING	NO
 OPTIMIZE_DRILLING	YES
 ENHANCED_EXCELLON	NO
 SCALE			1.000000

 WARNING(SPMHMF-360): Design precision is greater than that of the drill output file data.
 WARNING(SPMHMF-361): Data rounding errors are very possible.
 WARNING(SPMHMF-368): Cannot find NC Drill tool file 'nc_tools.txt'
 WARNING(SPMHMF-369): ... will auto-generate tool file 'nc_tools_auto.txt'.


     Auto-generating tool file 'nc_tools_auto.txt' ...

           Size  Plating  Tool        + Tolerance  - Tolerance

         12.000  P        T01            0.000000     0.000000
         40.157  P        T02            0.000000     0.000000
         35.433  N        T03            0.000000     0.000000


Drill files being output to directory 'F:/IMLab_Git/IMLAB_F103C8' ...



     'IMLAB_F103C8-1-2.drl' created for holes connecting TOP and BOTTOM
     ------------------------------------------------------------------

     Tool  Num     Size      +/- Tolerance     Plating   Quantity

     T01    1.  12.0000    0.0000/  0.0000      PLATED         42
     T02    2.  40.1570    0.0000/  0.0000      PLATED         30
     T03    3.  35.4330    0.0000/  0.0000  NON_PLATED          2

     ---- Total holes:                                         74

     ---- Total head travel:              1.11 feet (0.34 meters)

