(---------------------------------------------------------------------)
(                                                                     )
(    Allegro Netrev Import Logic                                      )
(                                                                     )
(    Drawing          : IMLAB_F103C8.brd                              )
(    Software Version : 16.6-2015S066                                 )
(    Date/Time        : Sat Apr 07 16:15:16 2018                      )
(                                                                     )
(---------------------------------------------------------------------)


------ Directives ------------

Ripup etch:                  No
Ripup delete first segment:  No
Ripup retain bondwire:       No
Ripup symbols:               Always
Missing symbol has error:    No
DRC update:                  Yes
Schematic directory:         'F:/IMLab_Git/IMLAB_F103C8/allegro'
Design Directory:            '.'
Old design name:             'F:/IMLab_Git/IMLAB_F103C8/IMLAB_F103C8.brd'
New design name:             'F:/IMLab_Git/IMLAB_F103C8/IMLAB_F103C8.brd'

CmdLine: netrev -$ -i F:/IMLab_Git/IMLAB_F103C8/allegro -y 1 -q netrev_constraint_report.xml F:/IMLab_Git/IMLAB_F103C8/#Taaaaab09992.tmp

------ Preparing to read pst files ------

Starting to read F:/IMLab_Git/IMLAB_F103C8/allegro/pstchip.dat 
   Finished reading F:/IMLab_Git/IMLAB_F103C8/allegro/pstchip.dat (00:00:00.04)
Starting to read F:/IMLab_Git/IMLAB_F103C8/allegro/pstxprt.dat 
   Finished reading F:/IMLab_Git/IMLAB_F103C8/allegro/pstxprt.dat (00:00:00.00)
Starting to read F:/IMLab_Git/IMLAB_F103C8/allegro/pstxnet.dat 
   Finished reading F:/IMLab_Git/IMLAB_F103C8/allegro/pstxnet.dat (00:00:00.00)

------ Oversights/Warnings/Errors ------


------ Library Paths ------
MODULEPATH =  . 
           D:/Cadence/Cadence_SPB_16.6-2015/share/local/pcb/modules 

PSMPATH =  F:/IMLab_Git/IMLAB_PCB/AllegroLib/Packages/Chips/ 
           F:/IMLab_Git/IMLAB_PCB/AllegroLib/Packages/Headers/ 
           F:/IMLab_Git/IMLAB_PCB/AllegroLib/Packages/Passives/ 
           F:/IMLab_Git/IMLAB_PCB/AllegroLib/Flash/ 

PADPATH =  F:/IMLab_Git/IMLAB_PCB/AllegroLib/Pads/ 


------ Summary Statistics ------


netrev run on Apr 7 16:15:16 2018
   DESIGN NAME : 'IMLAB_F103C8'
   PACKAGING ON Feb 15 2016 19:53:59

   COMPILE 'logic'
   CHECK_PIN_NAMES OFF
   CROSS_REFERENCE OFF
   FEEDBACK OFF
   INCREMENTAL OFF
   INTERFACE_TYPE PHYSICAL
   MAX_ERRORS 500
   MERGE_MINIMUM 5
   NET_NAME_CHARS '#%&()*+-./:=>?@[]^_`|'
   NET_NAME_LENGTH 24
   OVERSIGHTS ON
   REPLACE_CHECK OFF
   SINGLE_NODE_NETS ON
   SPLIT_MINIMUM 0
   SUPPRESS   20
   WARNINGS ON

 No error detected
 No oversight detected
 No warning detected

cpu time      0:00:43
elapsed time  0:00:00

